2021-06-02 00:02:17.201 WARN  [main] org.springframework.boot.autoconfigure.orm.jpa.JpaBaseConfiguration$JpaWebConfiguration$JpaWebMvcConfiguration:237 spring.jpa.open-in-view is enabled by default. Therefore, database queries may be performed during view rendering. Explicitly configure spring.jpa.open-in-view to disable this warning
2021-06-02 00:54:07.639 INFO  [main] org.springframework.boot.StartupInfoLogger:50 Starting SecurityConfigurationTests on MacBook-Air-de-Ahmed.local with PID 60983 (started by ahmedkhalilkhalef in /Users/ahmedkhalilkhalef/Desktop/ecommerce)
2021-06-02 00:54:07.655 DEBUG [main] org.springframework.boot.StartupInfoLogger:53 Running with Spring Boot v2.1.5.RELEASE, Spring v5.1.7.RELEASE
2021-06-02 00:54:07.657 INFO  [main] org.springframework.boot.SpringApplication:675 No active profile set, falling back to default profiles: default
2021-06-02 00:54:22.576 DEBUG [main] com.example.ecommerce.EcommerceApplication:23 Bean org.springframework.security.crypto.bcrypt.BCryptPasswordEncoder loading into the application context.
2021-06-02 00:54:23.229 DEBUG [main] org.springframework.web.filter.GenericFilterBean:241 Filter 'JWTAuthenticationVerficationFilter' configured for use
2021-06-02 00:54:27.641 INFO  [main] org.springframework.boot.StartupInfoLogger:59 Started SecurityConfigurationTests in 21.083 seconds (JVM running for 24.584)
2021-06-02 00:54:28.854 DEBUG [main] com.example.ecommerce.controllers.UserController:69 method=[createUser] message=[Attempting user create.] object=[com.example.ecommerce.model.requests.CreateUserRequest] password=[***** CONFIDENTIAL *****] confirmPassword=[***** CONFIDENTIAL *****] username=[OneWhoNeedsInfo]
2021-06-02 00:54:29.756 DEBUG [main] com.example.ecommerce.controllers.UserController:96 method=[createUser] message=[User created successfully.] object=[com.example.ecommerce.model.persistence.User] password=[***** CONFIDENTIAL *****] id=[1] cart=[com.example.ecommerce.model.persistence.Cart@276ac94c] username=[OneWhoNeedsInfo]
2021-06-02 00:54:29.876 DEBUG [main] com.example.ecommerce.controllers.UserController:69 method=[createUser] message=[Attempting user create.] object=[com.example.ecommerce.model.requests.CreateUserRequest] password=[***** CONFIDENTIAL *****] confirmPassword=[***** CONFIDENTIAL *****] username=[LostMyTokenGuy]
2021-06-02 00:54:30.075 DEBUG [main] com.example.ecommerce.controllers.UserController:96 method=[createUser] message=[User created successfully.] object=[com.example.ecommerce.model.persistence.User] password=[***** CONFIDENTIAL *****] id=[2] cart=[com.example.ecommerce.model.persistence.Cart@5eaab295] username=[LostMyTokenGuy]
2021-06-02 00:54:30.078 DEBUG [main] org.springframework.security.web.authentication.AbstractAuthenticationProcessingFilter:206 Request is to process authentication
2021-06-02 00:54:30.080 INFO  [main] com.example.ecommerce.security.JWTAuthenticationFilter:40 method=[attemptAuthentication] message=[Attempting Auth for user LostMyTokenGuy.]
2021-06-02 00:54:30.496 DEBUG [main] com.example.ecommerce.controllers.UserController:69 method=[createUser] message=[Attempting user create.] object=[com.example.ecommerce.model.requests.CreateUserRequest] password=[***** CONFIDENTIAL *****] confirmPassword=[***** CONFIDENTIAL *****] username=[VaclavHavel]
2021-06-02 00:54:30.642 DEBUG [main] com.example.ecommerce.controllers.UserController:96 method=[createUser] message=[User created successfully.] object=[com.example.ecommerce.model.persistence.User] password=[***** CONFIDENTIAL *****] id=[3] cart=[com.example.ecommerce.model.persistence.Cart@3ac2772d] username=[VaclavHavel]
2021-06-02 00:54:30.646 DEBUG [main] org.springframework.security.web.authentication.AbstractAuthenticationProcessingFilter:206 Request is to process authentication
2021-06-02 00:54:30.649 INFO  [main] com.example.ecommerce.security.JWTAuthenticationFilter:40 method=[attemptAuthentication] message=[Attempting Auth for user VaclavHavel.]
2021-06-02 00:56:42.530 DEBUG [main] com.example.ecommerce.controllers.UserController:69 method=[createUser] message=[Attempting user create.] object=[com.example.ecommerce.model.requests.CreateUserRequest] password=[***** CONFIDENTIAL *****] confirmPassword=[***** CONFIDENTIAL *****] username=[BarakObama]
2021-06-02 00:56:42.658 DEBUG [main] com.example.ecommerce.controllers.UserController:96 method=[createUser] message=[User created successfully.] object=[com.example.ecommerce.model.persistence.User] password=[***** CONFIDENTIAL *****] id=[4] cart=[com.example.ecommerce.model.persistence.Cart@b230f87] username=[BarakObama]
2021-06-02 00:56:42.662 DEBUG [main] org.springframework.security.web.authentication.AbstractAuthenticationProcessingFilter:206 Request is to process authentication
2021-06-02 00:56:42.664 INFO  [main] com.example.ecommerce.security.JWTAuthenticationFilter:40 method=[attemptAuthentication] message=[Attempting Auth for user BarakObama.]
2021-06-02 00:56:42.804 DEBUG [main] com.example.ecommerce.controllers.UserController:69 method=[createUser] message=[Attempting user create.] object=[com.example.ecommerce.model.requests.CreateUserRequest] password=[***** CONFIDENTIAL *****] confirmPassword=[***** CONFIDENTIAL *****] username=[AnotherInfoSeeker]
2021-06-02 00:56:42.970 DEBUG [main] com.example.ecommerce.controllers.UserController:96 method=[createUser] message=[User created successfully.] object=[com.example.ecommerce.model.persistence.User] password=[***** CONFIDENTIAL *****] id=[5] cart=[com.example.ecommerce.model.persistence.Cart@2183db30] username=[AnotherInfoSeeker]
2021-06-02 00:56:42.973 DEBUG [main] org.springframework.security.web.authentication.AbstractAuthenticationProcessingFilter:206 Request is to process authentication
2021-06-02 00:56:42.974 INFO  [main] com.example.ecommerce.security.JWTAuthenticationFilter:40 method=[attemptAuthentication] message=[Attempting Auth for user AnotherInfoSeeker.]
2021-06-02 01:05:54.558 INFO  [main] org.springframework.boot.StartupInfoLogger:50 Starting EcommerceApplication on MacBook-Air-de-Ahmed.local with PID 61153 (/Users/ahmedkhalilkhalef/Desktop/ecommerce/target/classes started by ahmedkhalilkhalef in /Users/ahmedkhalilkhalef/Desktop/ecommerce)
2021-06-02 01:05:54.564 DEBUG [main] org.springframework.boot.StartupInfoLogger:53 Running with Spring Boot v2.1.5.RELEASE, Spring v5.1.7.RELEASE
2021-06-02 01:05:54.567 INFO  [main] org.springframework.boot.SpringApplication:675 No active profile set, falling back to default profiles: default
2021-06-02 01:06:09.582 DEBUG [main] com.example.ecommerce.EcommerceApplication:23 Bean org.springframework.security.crypto.bcrypt.BCryptPasswordEncoder loading into the application context.
2021-06-02 01:06:09.897 DEBUG [main] org.springframework.web.filter.GenericFilterBean:241 Filter 'JWTAuthenticationVerficationFilter' configured for use
2021-06-02 01:06:12.882 INFO  [main] org.springframework.boot.StartupInfoLogger:59 Started EcommerceApplication in 19.927 seconds (JVM running for 23.903)
2021-06-02 01:06:45.863 DEBUG [http-nio-8081-exec-1] com.example.ecommerce.controllers.UserController:69 method=[createUser] message=[Attempting user create.] object=[com.example.ecommerce.model.requests.CreateUserRequest] password=[***** CONFIDENTIAL *****] confirmPassword=[***** CONFIDENTIAL *****] username=[ahmed]
2021-06-02 01:06:46.607 DEBUG [http-nio-8081-exec-1] com.example.ecommerce.controllers.UserController:96 method=[createUser] message=[User created successfully.] object=[com.example.ecommerce.model.persistence.User] password=[***** CONFIDENTIAL *****] id=[1] cart=[com.example.ecommerce.model.persistence.Cart@3335b553] username=[ahmed]
2021-06-02 01:08:20.105 INFO  [main] org.springframework.boot.StartupInfoLogger:50 Starting ErrorControllerTests on MacBook-Air-de-Ahmed.local with PID 61202 (started by ahmedkhalilkhalef in /Users/ahmedkhalilkhalef/Desktop/ecommerce)
2021-06-02 01:08:20.117 DEBUG [main] org.springframework.boot.StartupInfoLogger:53 Running with Spring Boot v2.1.5.RELEASE, Spring v5.1.7.RELEASE
2021-06-02 01:08:20.120 INFO  [main] org.springframework.boot.SpringApplication:675 No active profile set, falling back to default profiles: default
2021-06-02 01:08:31.248 DEBUG [main] com.example.ecommerce.EcommerceApplication:23 Bean org.springframework.security.crypto.bcrypt.BCryptPasswordEncoder loading into the application context.
2021-06-02 01:08:31.733 DEBUG [main] org.springframework.web.filter.GenericFilterBean:241 Filter 'JWTAuthenticationVerficationFilter' configured for use
2021-06-02 01:08:35.239 INFO  [main] org.springframework.boot.StartupInfoLogger:59 Started ErrorControllerTests in 16.112 seconds (JVM running for 19.479)
2021-06-02 01:08:36.327 DEBUG [main] com.example.ecommerce.controllers.UserController:69 method=[createUser] message=[Attempting user create.] object=[com.example.ecommerce.model.requests.CreateUserRequest] password=[***** CONFIDENTIAL *****] confirmPassword=[***** CONFIDENTIAL *****] username=[BestUserEver]
2021-06-02 01:08:36.912 DEBUG [main] com.example.ecommerce.controllers.UserController:96 method=[createUser] message=[User created successfully.] object=[com.example.ecommerce.model.persistence.User] password=[***** CONFIDENTIAL *****] id=[1] cart=[com.example.ecommerce.model.persistence.Cart@3503e68e] username=[BestUserEver]
2021-06-02 01:08:36.946 DEBUG [main] org.springframework.security.web.authentication.AbstractAuthenticationProcessingFilter:206 Request is to process authentication
2021-06-02 01:08:36.948 INFO  [main] com.example.ecommerce.security.JWTAuthenticationFilter:40 method=[attemptAuthentication] message=[Attempting Auth for user BestUserEver.]
2021-06-02 01:08:37.381 DEBUG [main] com.example.ecommerce.controllers.UserController:69 method=[createUser] message=[Attempting user create.] object=[com.example.ecommerce.model.requests.CreateUserRequest] password=[***** CONFIDENTIAL *****] confirmPassword=[***** CONFIDENTIAL *****] username=[BestUserEver]
2021-06-02 01:08:37.388 DEBUG [main] com.example.ecommerce.controllers.UserController:76 method=[createUser] message=[User create failed. Reason: Username already exists.] object=[com.example.ecommerce.model.requests.CreateUserRequest] password=[***** CONFIDENTIAL *****] confirmPassword=[***** CONFIDENTIAL *****] username=[BestUserEver]
2021-06-02 01:08:37.393 ERROR [main] com.example.ecommerce.errors.ErrorController:37 method=[handleUsernameExistsException] message=[User create failed. Reason: Username already exists.] object=[com.example.ecommerce.exception.UsernameExistsException] localizedMessage=[User create failed. Reason: Username already exists.] cause=[null] suppressed=[[Ljava.lang.Throwable;@7a1587e8] stackTrace=[[Ljava.lang.StackTraceElement;@410c1f44] message=[User create failed. Reason: Username already exists.]
2021-06-02 01:08:37.416 DEBUG [main] org.springframework.security.web.authentication.AbstractAuthenticationProcessingFilter:206 Request is to process authentication
2021-06-02 01:08:37.423 INFO  [main] com.example.ecommerce.security.JWTAuthenticationFilter:40 method=[attemptAuthentication] message=[Attempting Auth for user BestUserEver.]
2021-06-02 01:08:37.600 DEBUG [main] com.example.ecommerce.controllers.UserController:69 method=[createUser] message=[Attempting user create.] object=[com.example.ecommerce.model.requests.CreateUserRequest] password=[***** CONFIDENTIAL *****] confirmPassword=[***** CONFIDENTIAL *****] username=[BestUserEver]
2021-06-02 01:08:37.610 DEBUG [main] com.example.ecommerce.controllers.UserController:76 method=[createUser] message=[User create failed. Reason: Username already exists.] object=[com.example.ecommerce.model.requests.CreateUserRequest] password=[***** CONFIDENTIAL *****] confirmPassword=[***** CONFIDENTIAL *****] username=[BestUserEver]
2021-06-02 01:08:37.611 ERROR [main] com.example.ecommerce.errors.ErrorController:37 method=[handleUsernameExistsException] message=[User create failed. Reason: Username already exists.] object=[com.example.ecommerce.exception.UsernameExistsException] localizedMessage=[User create failed. Reason: Username already exists.] cause=[null] suppressed=[[Ljava.lang.Throwable;@7a1587e8] stackTrace=[[Ljava.lang.StackTraceElement;@43ef1243] message=[User create failed. Reason: Username already exists.]
2021-06-02 01:08:37.614 DEBUG [main] org.springframework.security.web.authentication.AbstractAuthenticationProcessingFilter:206 Request is to process authentication
2021-06-02 01:08:37.618 INFO  [main] com.example.ecommerce.security.JWTAuthenticationFilter:40 method=[attemptAuthentication] message=[Attempting Auth for user BestUserEver.]
2021-06-02 01:08:37.803 DEBUG [main] com.example.ecommerce.controllers.UserController:69 method=[createUser] message=[Attempting user create.] object=[com.example.ecommerce.model.requests.CreateUserRequest] password=[***** CONFIDENTIAL *****] confirmPassword=[***** CONFIDENTIAL *****] username=[BestUserEver]
2021-06-02 01:08:37.808 DEBUG [main] com.example.ecommerce.controllers.UserController:76 method=[createUser] message=[User create failed. Reason: Username already exists.] object=[com.example.ecommerce.model.requests.CreateUserRequest] password=[***** CONFIDENTIAL *****] confirmPassword=[***** CONFIDENTIAL *****] username=[BestUserEver]
2021-06-02 01:08:37.809 ERROR [main] com.example.ecommerce.errors.ErrorController:37 method=[handleUsernameExistsException] message=[User create failed. Reason: Username already exists.] object=[com.example.ecommerce.exception.UsernameExistsException] localizedMessage=[User create failed. Reason: Username already exists.] cause=[null] suppressed=[[Ljava.lang.Throwable;@7a1587e8] stackTrace=[[Ljava.lang.StackTraceElement;@79224636] message=[User create failed. Reason: Username already exists.]
2021-06-02 01:08:37.812 DEBUG [main] org.springframework.security.web.authentication.AbstractAuthenticationProcessingFilter:206 Request is to process authentication
2021-06-02 01:08:37.814 INFO  [main] com.example.ecommerce.security.JWTAuthenticationFilter:40 method=[attemptAuthentication] message=[Attempting Auth for user BestUserEver.]
2021-06-02 01:08:38.013 DEBUG [main] com.example.ecommerce.controllers.UserController:69 method=[createUser] message=[Attempting user create.] object=[com.example.ecommerce.model.requests.CreateUserRequest] password=[***** CONFIDENTIAL *****] confirmPassword=[***** CONFIDENTIAL *****] username=[BestUserEver]
2021-06-02 01:08:38.022 DEBUG [main] com.example.ecommerce.controllers.UserController:76 method=[createUser] message=[User create failed. Reason: Username already exists.] object=[com.example.ecommerce.model.requests.CreateUserRequest] password=[***** CONFIDENTIAL *****] confirmPassword=[***** CONFIDENTIAL *****] username=[BestUserEver]
2021-06-02 01:08:38.027 ERROR [main] com.example.ecommerce.errors.ErrorController:37 method=[handleUsernameExistsException] message=[User create failed. Reason: Username already exists.] object=[com.example.ecommerce.exception.UsernameExistsException] localizedMessage=[User create failed. Reason: Username already exists.] cause=[null] suppressed=[[Ljava.lang.Throwable;@7a1587e8] stackTrace=[[Ljava.lang.StackTraceElement;@76d1acf9] message=[User create failed. Reason: Username already exists.]
2021-06-02 01:08:38.030 DEBUG [main] org.springframework.security.web.authentication.AbstractAuthenticationProcessingFilter:206 Request is to process authentication
2021-06-02 01:08:38.033 INFO  [main] com.example.ecommerce.security.JWTAuthenticationFilter:40 method=[attemptAuthentication] message=[Attempting Auth for user BestUserEver.]
2021-06-02 01:13:33.009 INFO  [main] org.springframework.boot.StartupInfoLogger:50 Starting SecurityConfigurationTests on MacBook-Air-de-Ahmed.local with PID 61274 (started by ahmedkhalilkhalef in /Users/ahmedkhalilkhalef/Desktop/ecommerce)
2021-06-02 01:13:33.016 DEBUG [main] org.springframework.boot.StartupInfoLogger:53 Running with Spring Boot v2.1.5.RELEASE, Spring v5.1.7.RELEASE
2021-06-02 01:13:33.019 INFO  [main] org.springframework.boot.SpringApplication:675 No active profile set, falling back to default profiles: default
2021-06-02 01:13:45.731 DEBUG [main] com.example.ecommerce.EcommerceApplication:23 Bean org.springframework.security.crypto.bcrypt.BCryptPasswordEncoder loading into the application context.
2021-06-02 01:13:46.260 DEBUG [main] org.springframework.web.filter.GenericFilterBean:241 Filter 'JWTAuthenticationVerficationFilter' configured for use
2021-06-02 01:13:50.041 INFO  [main] org.springframework.boot.StartupInfoLogger:59 Started SecurityConfigurationTests in 17.911 seconds (JVM running for 20.897)
2021-06-02 01:13:51.271 DEBUG [main] com.example.ecommerce.controllers.UserController:69 method=[createUser] message=[Attempting user create.] object=[com.example.ecommerce.model.requests.CreateUserRequest] password=[***** CONFIDENTIAL *****] confirmPassword=[***** CONFIDENTIAL *****] username=[OneWhoNeedsInfo]
2021-06-02 01:13:52.032 DEBUG [main] com.example.ecommerce.controllers.UserController:96 method=[createUser] message=[User created successfully.] object=[com.example.ecommerce.model.persistence.User] password=[***** CONFIDENTIAL *****] id=[1] cart=[com.example.ecommerce.model.persistence.Cart@589dd717] username=[OneWhoNeedsInfo]
2021-06-02 01:13:52.121 DEBUG [main] com.example.ecommerce.controllers.UserController:69 method=[createUser] message=[Attempting user create.] object=[com.example.ecommerce.model.requests.CreateUserRequest] password=[***** CONFIDENTIAL *****] confirmPassword=[***** CONFIDENTIAL *****] username=[LostMyTokenGuy]
2021-06-02 01:13:52.253 DEBUG [main] com.example.ecommerce.controllers.UserController:96 method=[createUser] message=[User created successfully.] object=[com.example.ecommerce.model.persistence.User] password=[***** CONFIDENTIAL *****] id=[2] cart=[com.example.ecommerce.model.persistence.Cart@37b04a2a] username=[LostMyTokenGuy]
2021-06-02 01:13:52.258 DEBUG [main] org.springframework.security.web.authentication.AbstractAuthenticationProcessingFilter:206 Request is to process authentication
2021-06-02 01:13:52.261 INFO  [main] com.example.ecommerce.security.JWTAuthenticationFilter:40 method=[attemptAuthentication] message=[Attempting Auth for user LostMyTokenGuy.]
2021-06-02 01:13:52.629 DEBUG [main] com.example.ecommerce.controllers.UserController:69 method=[createUser] message=[Attempting user create.] object=[com.example.ecommerce.model.requests.CreateUserRequest] password=[***** CONFIDENTIAL *****] confirmPassword=[***** CONFIDENTIAL *****] username=[VaclavHavel]
2021-06-02 01:13:52.750 DEBUG [main] com.example.ecommerce.controllers.UserController:96 method=[createUser] message=[User created successfully.] object=[com.example.ecommerce.model.persistence.User] password=[***** CONFIDENTIAL *****] id=[3] cart=[com.example.ecommerce.model.persistence.Cart@4ba29b51] username=[VaclavHavel]
2021-06-02 01:13:52.754 DEBUG [main] org.springframework.security.web.authentication.AbstractAuthenticationProcessingFilter:206 Request is to process authentication
2021-06-02 01:13:52.755 INFO  [main] com.example.ecommerce.security.JWTAuthenticationFilter:40 method=[attemptAuthentication] message=[Attempting Auth for user VaclavHavel.]
2021-06-02 01:15:47.531 DEBUG [main] com.example.ecommerce.controllers.UserController:69 method=[createUser] message=[Attempting user create.] object=[com.example.ecommerce.model.requests.CreateUserRequest] password=[***** CONFIDENTIAL *****] confirmPassword=[***** CONFIDENTIAL *****] username=[BarakObama]
2021-06-02 01:15:47.900 DEBUG [main] com.example.ecommerce.controllers.UserController:96 method=[createUser] message=[User created successfully.] object=[com.example.ecommerce.model.persistence.User] password=[***** CONFIDENTIAL *****] id=[4] cart=[com.example.ecommerce.model.persistence.Cart@571fa73c] username=[BarakObama]
2021-06-02 01:15:47.906 DEBUG [main] org.springframework.security.web.authentication.AbstractAuthenticationProcessingFilter:206 Request is to process authentication
2021-06-02 01:15:47.908 INFO  [main] com.example.ecommerce.security.JWTAuthenticationFilter:40 method=[attemptAuthentication] message=[Attempting Auth for user BarakObama.]
2021-06-02 01:15:48.194 DEBUG [main] com.example.ecommerce.controllers.UserController:69 method=[createUser] message=[Attempting user create.] object=[com.example.ecommerce.model.requests.CreateUserRequest] password=[***** CONFIDENTIAL *****] confirmPassword=[***** CONFIDENTIAL *****] username=[AnotherInfoSeeker]
2021-06-02 01:15:48.476 DEBUG [main] com.example.ecommerce.controllers.UserController:96 method=[createUser] message=[User created successfully.] object=[com.example.ecommerce.model.persistence.User] password=[***** CONFIDENTIAL *****] id=[5] cart=[com.example.ecommerce.model.persistence.Cart@4cdc1d81] username=[AnotherInfoSeeker]
2021-06-02 01:15:48.481 DEBUG [main] org.springframework.security.web.authentication.AbstractAuthenticationProcessingFilter:206 Request is to process authentication
2021-06-02 01:15:48.508 INFO  [main] com.example.ecommerce.security.JWTAuthenticationFilter:40 method=[attemptAuthentication] message=[Attempting Auth for user AnotherInfoSeeker.]
2021-06-02 01:17:12.792 INFO  [main] org.springframework.boot.StartupInfoLogger:50 Starting SecurityConfigurationTests on MacBook-Air-de-Ahmed.local with PID 61323 (started by ahmedkhalilkhalef in /Users/ahmedkhalilkhalef/Desktop/ecommerce)
2021-06-02 01:17:12.798 DEBUG [main] org.springframework.boot.StartupInfoLogger:53 Running with Spring Boot v2.1.5.RELEASE, Spring v5.1.7.RELEASE
2021-06-02 01:17:12.800 INFO  [main] org.springframework.boot.SpringApplication:675 No active profile set, falling back to default profiles: default
2021-06-02 01:17:25.294 DEBUG [main] com.example.ecommerce.EcommerceApplication:23 Bean org.springframework.security.crypto.bcrypt.BCryptPasswordEncoder loading into the application context.
2021-06-02 01:17:26.069 DEBUG [main] org.springframework.web.filter.GenericFilterBean:241 Filter 'JWTAuthenticationVerficationFilter' configured for use
2021-06-02 01:17:29.765 INFO  [main] org.springframework.boot.StartupInfoLogger:59 Started SecurityConfigurationTests in 18.38 seconds (JVM running for 21.775)
2021-06-02 01:17:30.628 DEBUG [main] com.example.ecommerce.controllers.UserController:69 method=[createUser] message=[Attempting user create.] object=[com.example.ecommerce.model.requests.CreateUserRequest] password=[***** CONFIDENTIAL *****] confirmPassword=[***** CONFIDENTIAL *****] username=[OneWhoNeedsInfo]
2021-06-02 01:17:31.184 DEBUG [main] com.example.ecommerce.controllers.UserController:96 method=[createUser] message=[User created successfully.] object=[com.example.ecommerce.model.persistence.User] password=[***** CONFIDENTIAL *****] id=[1] cart=[com.example.ecommerce.model.persistence.Cart@d6d88b1] username=[OneWhoNeedsInfo]
2021-06-02 01:17:31.307 DEBUG [main] com.example.ecommerce.controllers.UserController:69 method=[createUser] message=[Attempting user create.] object=[com.example.ecommerce.model.requests.CreateUserRequest] password=[***** CONFIDENTIAL *****] confirmPassword=[***** CONFIDENTIAL *****] username=[LostMyTokenGuy]
2021-06-02 01:17:31.449 DEBUG [main] com.example.ecommerce.controllers.UserController:96 method=[createUser] message=[User created successfully.] object=[com.example.ecommerce.model.persistence.User] password=[***** CONFIDENTIAL *****] id=[2] cart=[com.example.ecommerce.model.persistence.Cart@3c12f87d] username=[LostMyTokenGuy]
2021-06-02 01:17:31.454 DEBUG [main] org.springframework.security.web.authentication.AbstractAuthenticationProcessingFilter:206 Request is to process authentication
2021-06-02 01:17:31.456 INFO  [main] com.example.ecommerce.security.JWTAuthenticationFilter:40 method=[attemptAuthentication] message=[Attempting Auth for user LostMyTokenGuy.]
2021-06-02 01:17:31.835 DEBUG [main] com.example.ecommerce.controllers.UserController:69 method=[createUser] message=[Attempting user create.] object=[com.example.ecommerce.model.requests.CreateUserRequest] password=[***** CONFIDENTIAL *****] confirmPassword=[***** CONFIDENTIAL *****] username=[VaclavHavel]
2021-06-02 01:17:31.957 DEBUG [main] com.example.ecommerce.controllers.UserController:96 method=[createUser] message=[User created successfully.] object=[com.example.ecommerce.model.persistence.User] password=[***** CONFIDENTIAL *****] id=[3] cart=[com.example.ecommerce.model.persistence.Cart@245b009a] username=[VaclavHavel]
2021-06-02 01:17:31.961 DEBUG [main] org.springframework.security.web.authentication.AbstractAuthenticationProcessingFilter:206 Request is to process authentication
2021-06-02 01:17:31.964 INFO  [main] com.example.ecommerce.security.JWTAuthenticationFilter:40 method=[attemptAuthentication] message=[Attempting Auth for user VaclavHavel.]
2021-06-02 01:19:39.624 DEBUG [main] com.example.ecommerce.controllers.UserController:69 method=[createUser] message=[Attempting user create.] object=[com.example.ecommerce.model.requests.CreateUserRequest] password=[***** CONFIDENTIAL *****] confirmPassword=[***** CONFIDENTIAL *****] username=[BarakObama]
2021-06-02 01:19:39.819 DEBUG [main] com.example.ecommerce.controllers.UserController:96 method=[createUser] message=[User created successfully.] object=[com.example.ecommerce.model.persistence.User] password=[***** CONFIDENTIAL *****] id=[4] cart=[com.example.ecommerce.model.persistence.Cart@2cbd35f2] username=[BarakObama]
2021-06-02 01:19:39.822 DEBUG [main] org.springframework.security.web.authentication.AbstractAuthenticationProcessingFilter:206 Request is to process authentication
2021-06-02 01:19:39.825 INFO  [main] com.example.ecommerce.security.JWTAuthenticationFilter:40 method=[attemptAuthentication] message=[Attempting Auth for user BarakObama.]
2021-06-02 01:19:39.992 DEBUG [main] com.example.ecommerce.controllers.UserController:69 method=[createUser] message=[Attempting user create.] object=[com.example.ecommerce.model.requests.CreateUserRequest] password=[***** CONFIDENTIAL *****] confirmPassword=[***** CONFIDENTIAL *****] username=[AnotherInfoSeeker]
2021-06-02 01:19:40.126 DEBUG [main] com.example.ecommerce.controllers.UserController:96 method=[createUser] message=[User created successfully.] object=[com.example.ecommerce.model.persistence.User] password=[***** CONFIDENTIAL *****] id=[5] cart=[com.example.ecommerce.model.persistence.Cart@4c963d59] username=[AnotherInfoSeeker]
2021-06-02 01:19:40.130 DEBUG [main] org.springframework.security.web.authentication.AbstractAuthenticationProcessingFilter:206 Request is to process authentication
2021-06-02 01:19:40.131 INFO  [main] com.example.ecommerce.security.JWTAuthenticationFilter:40 method=[attemptAuthentication] message=[Attempting Auth for user AnotherInfoSeeker.]
2021-06-02 01:25:35.928 INFO  [main] org.springframework.boot.StartupInfoLogger:50 Starting ErrorControllerTests on MacBook-Air-de-Ahmed.local with PID 61402 (started by ahmedkhalilkhalef in /Users/ahmedkhalilkhalef/Desktop/ecommerce)
2021-06-02 01:25:35.934 DEBUG [main] org.springframework.boot.StartupInfoLogger:53 Running with Spring Boot v2.1.5.RELEASE, Spring v5.1.7.RELEASE
2021-06-02 01:25:35.950 INFO  [main] org.springframework.boot.SpringApplication:675 No active profile set, falling back to default profiles: default
2021-06-02 01:25:48.338 DEBUG [main] com.example.ecommerce.EcommerceApplication:23 Bean org.springframework.security.crypto.bcrypt.BCryptPasswordEncoder loading into the application context.
2021-06-02 01:25:49.009 DEBUG [main] org.springframework.web.filter.GenericFilterBean:241 Filter 'JWTAuthenticationVerficationFilter' configured for use
2021-06-02 01:25:52.759 INFO  [main] org.springframework.boot.StartupInfoLogger:59 Started ErrorControllerTests in 18.323 seconds (JVM running for 22.409)
2021-06-02 01:25:53.750 DEBUG [main] com.example.ecommerce.controllers.UserController:69 method=[createUser] message=[Attempting user create.] object=[com.example.ecommerce.model.requests.CreateUserRequest] password=[***** CONFIDENTIAL *****] confirmPassword=[***** CONFIDENTIAL *****] username=[BestUserEver]
2021-06-02 01:25:54.334 DEBUG [main] com.example.ecommerce.controllers.UserController:96 method=[createUser] message=[User created successfully.] object=[com.example.ecommerce.model.persistence.User] password=[***** CONFIDENTIAL *****] id=[1] cart=[com.example.ecommerce.model.persistence.Cart@40ef1198] username=[BestUserEver]
2021-06-02 01:25:54.364 DEBUG [main] org.springframework.security.web.authentication.AbstractAuthenticationProcessingFilter:206 Request is to process authentication
2021-06-02 01:25:54.366 INFO  [main] com.example.ecommerce.security.JWTAuthenticationFilter:40 method=[attemptAuthentication] message=[Attempting Auth for user BestUserEver.]
2021-06-02 01:34:07.053 INFO  [main] org.springframework.boot.StartupInfoLogger:50 Starting ErrorControllerTests on MacBook-Air-de-Ahmed.local with PID 61484 (started by ahmedkhalilkhalef in /Users/ahmedkhalilkhalef/Desktop/ecommerce)
2021-06-02 01:34:07.081 DEBUG [main] org.springframework.boot.StartupInfoLogger:53 Running with Spring Boot v2.1.5.RELEASE, Spring v5.1.7.RELEASE
2021-06-02 01:34:07.084 INFO  [main] org.springframework.boot.SpringApplication:675 No active profile set, falling back to default profiles: default
2021-06-02 01:34:20.645 DEBUG [main] com.example.ecommerce.EcommerceApplication:23 Bean org.springframework.security.crypto.bcrypt.BCryptPasswordEncoder loading into the application context.
2021-06-02 01:34:21.230 DEBUG [main] org.springframework.web.filter.GenericFilterBean:241 Filter 'JWTAuthenticationVerficationFilter' configured for use
2021-06-02 01:34:25.352 INFO  [main] org.springframework.boot.StartupInfoLogger:59 Started ErrorControllerTests in 19.586 seconds (JVM running for 22.604)
2021-06-02 01:34:26.689 DEBUG [main] com.example.ecommerce.controllers.UserController:69 method=[createUser] message=[Attempting user create.] object=[com.example.ecommerce.model.requests.CreateUserRequest] password=[***** CONFIDENTIAL *****] confirmPassword=[***** CONFIDENTIAL *****] username=[BestUserEver]
2021-06-02 01:34:27.462 DEBUG [main] com.example.ecommerce.controllers.UserController:96 method=[createUser] message=[User created successfully.] object=[com.example.ecommerce.model.persistence.User] password=[***** CONFIDENTIAL *****] id=[1] cart=[com.example.ecommerce.model.persistence.Cart@27bfa57f] username=[BestUserEver]
2021-06-02 01:34:27.494 DEBUG [main] org.springframework.security.web.authentication.AbstractAuthenticationProcessingFilter:206 Request is to process authentication
2021-06-02 01:34:27.497 INFO  [main] com.example.ecommerce.security.JWTAuthenticationFilter:40 method=[attemptAuthentication] message=[Attempting Auth for user BestUserEver.]
2021-06-02 01:37:02.913 INFO  [main] org.springframework.boot.StartupInfoLogger:50 Starting ErrorControllerTests on MacBook-Air-de-Ahmed.local with PID 61506 (started by ahmedkhalilkhalef in /Users/ahmedkhalilkhalef/Desktop/ecommerce)
2021-06-02 01:37:02.921 DEBUG [main] org.springframework.boot.StartupInfoLogger:53 Running with Spring Boot v2.1.5.RELEASE, Spring v5.1.7.RELEASE
2021-06-02 01:37:02.924 INFO  [main] org.springframework.boot.SpringApplication:675 No active profile set, falling back to default profiles: default
2021-06-02 01:37:13.019 DEBUG [main] com.example.ecommerce.EcommerceApplication:23 Bean org.springframework.security.crypto.bcrypt.BCryptPasswordEncoder loading into the application context.
2021-06-02 01:37:13.559 DEBUG [main] org.springframework.web.filter.GenericFilterBean:241 Filter 'JWTAuthenticationVerficationFilter' configured for use
2021-06-02 01:37:17.028 INFO  [main] org.springframework.boot.StartupInfoLogger:59 Started ErrorControllerTests in 15.177 seconds (JVM running for 17.851)
2021-06-02 01:37:17.990 DEBUG [main] com.example.ecommerce.controllers.UserController:69 method=[createUser] message=[Attempting user create.] object=[com.example.ecommerce.model.requests.CreateUserRequest] password=[***** CONFIDENTIAL *****] confirmPassword=[***** CONFIDENTIAL *****] username=[BestUserEver]
2021-06-02 01:37:18.628 DEBUG [main] com.example.ecommerce.controllers.UserController:96 method=[createUser] message=[User created successfully.] object=[com.example.ecommerce.model.persistence.User] password=[***** CONFIDENTIAL *****] id=[1] cart=[com.example.ecommerce.model.persistence.Cart@557fe039] username=[BestUserEver]
2021-06-02 01:37:18.663 DEBUG [main] org.springframework.security.web.authentication.AbstractAuthenticationProcessingFilter:206 Request is to process authentication
2021-06-02 01:37:18.665 INFO  [main] com.example.ecommerce.security.JWTAuthenticationFilter:40 method=[attemptAuthentication] message=[Attempting Auth for user BestUserEver.]
2021-06-02 01:41:29.956 DEBUG [main] com.example.ecommerce.controllers.OrderController:48 method=[getOrdersForUser] message=[Attempting to get order.] object=[java.lang.String] username=[null]
2021-06-02 01:41:29.972 DEBUG [main] com.example.ecommerce.controllers.OrderController:51 method=[getOrdersForUser] message=[Invalid username.] object=[java.lang.String] username=[null]
2021-06-02 01:41:30.002 DEBUG [main] com.example.ecommerce.controllers.OrderController:33 method=[submit] message=[Attempting create order.] object=[java.lang.String] username=[null]
2021-06-02 01:41:30.003 DEBUG [main] com.example.ecommerce.controllers.OrderController:37 method=[submit] message=[Order create failed: username not found.] object=[java.lang.String] username=[null]
2021-06-02 01:41:30.016 DEBUG [main] com.example.ecommerce.controllers.OrderController:33 method=[submit] message=[Attempting create order.] object=[java.lang.String] username=[MPhelps]
2021-06-02 01:41:30.018 DEBUG [main] com.example.ecommerce.controllers.OrderController:42 method=[submit] message=[Success: Order created.] object=[com.example.ecommerce.model.persistence.UserOrder] total=[100] id=[null] items=[[com.example.ecommerce.model.persistence.Item@20]] user=[User{id=0, username='null'}]
2021-06-02 01:41:30.072 DEBUG [main] com.example.ecommerce.controllers.OrderController:48 method=[getOrdersForUser] message=[Attempting to get order.] object=[java.lang.String] username=[JujuBean]
2021-06-02 01:41:30.075 DEBUG [main] com.example.ecommerce.controllers.OrderController:58 method=[getOrdersForUser] message=[Success: orders found.] object=[com.example.ecommerce.model.persistence.UserOrder] total=[null] id=[null] items=[null] user=[null]
